<?xml version="1.0" encoding="UTF-8"?>
<!-- Generated by org.testng.reporters.JUnitXMLReporter -->
<testsuite hostname="DESKTOP-HKMTI3S" ignored="0" name="Default test" tests="3" failures="0" timestamp="13 Nov 2020 06:18:33 GMT" time="27.53" errors="0">
  <testcase name="email" time="22.043" classname="org.sample.Facebook"/>
  <testcase name="loginBtn" time="0.192" classname="org.sample.Facebook"/>
  <testcase name="password" time="5.261" classname="org.sample.Facebook"/>
</testsuite> <!-- Default test -->
