<?xml version="1.0" encoding="UTF-8"?>
<!-- Generated by org.testng.reporters.JUnitXMLReporter -->
<testsuite hostname="DESKTOP-HKMTI3S" ignored="1" name="Test" tests="2" failures="0" timestamp="18 Nov 2020 15:21:34 GMT" time="12.518" errors="0">
  <testcase name="email" time="12.365" classname="org.sample.Facebook"/>
  <testcase name="password" time="0.116" classname="org.sample.Facebook"/>
  <testcase name="loginBtn" time="0.0" classname="org.sample.Facebook">
    <ignored/>
  </testcase> <!-- loginBtn -->
</testsuite> <!-- Test -->
